<?xml version="1.0" encoding="UTF-8"?><testsuite errors="1" failures="0" name="webFTP.features.login.invalid.LoginEmptyUsernameTest" skipped="0" tests="1" time="0.43" timestamp="2026-05-13 12:42:38"><testcase classname="webFTP.features.login.invalid.LoginEmptyUsernameTest" name="Login"><error message="Could not instantiate new WebDriver instance of type class org.openqa.selenium.firefox.FirefoxDriver (The path to the driver executable must be set by the webdriver.gecko.driver system property; for more information, see https://github.com/mozilla/geckodriver. The latest version can be downloaded from https://github.com/mozilla/geckodriver/releases). See below for more details." type="net.thucydides.core.webdriver.DriverConfigurationError">Could not instantiate new WebDriver instance of type class org.openqa.selenium.firefox.FirefoxDriver (The path to the driver executable must be set by the webdriver.gecko.driver system property; for more information, see https://github.com/mozilla/geckodriver. The latest version can be downloaded from https://github.com/mozilla/geckodriver/releases). See below for more details.</error><system-err>Could not instantiate new WebDriver instance of type class org.openqa.selenium.firefox.FirefoxDriver (The path to the driver executable must be set by the webdriver.gecko.driver system property; for more information, see https://github.com/mozilla/geckodriver. The latest version can be downloaded from https://github.com/mozilla/geckodriver/releases). See below for more details.&#13;
webFTP.features.login.invalid.LoginEmptyUsernameTest.login(LoginEmptyUsernameTest.java:39)&#13;
</system-err></testcase></testsuite>