<?xml version="1.0" encoding="UTF-8"?>
<testsuite xmlns:xsi="http://www.w3.org/2001/XMLSchema-instance" xsi:noNamespaceSchemaLocation="https://maven.apache.org/surefire/maven-surefire-plugin/xsd/surefire-test-report-3.0.xsd" version="3.0" name="drinkshop.service.ProductValidatorBVATest" time="0.15" tests="6" errors="0" skipped="0" failures="0">
  <properties>
[...]
</properties>
  <testcase name="tc5_bva_validShortName(int, String, double, CategorieBautura, TipBautura)[1]" classname="drinkshop.service.ProductValidatorBVATest" time="0.034"/>
  <testcase name="tc1_bva_validMinPrice(int, String, double, CategorieBautura, TipBautura)[1]" classname="drinkshop.service.ProductValidatorBVATest" time="0.002"/>
  <testcase name="tc4_bva_validControlPrice(int, String, double, CategorieBautura, TipBautura)[1]" classname="drinkshop.service.ProductValidatorBVATest" time="0.002"/>
  <testcase name="tc3_bva_invalidNegativePrice(int, String, double, CategorieBautura, TipBautura)[1]" classname="drinkshop.service.ProductValidatorBVATest" time="0.003"/>
  <testcase name="tc6_bva_validMinPlusOneName(int, String, double, CategorieBautura, TipBautura)[1]" classname="drinkshop.service.ProductValidatorBVATest" time="0.002"/>
  <testcase name="tc2_bva_invalidZeroPrice(int, String, double, CategorieBautura, TipBautura)[1]" classname="drinkshop.service.ProductValidatorBVATest" time="0.002"/>
</testsuite>